{
  "RSpec": {
    "coverage": {
      "/home/comical-flow-4416/tic-tac-toe-rb-bootcamp-prep-000/lib/tic_tac_toe.rb": [
        null,
        1,
        null,
        null,
        null,
        null,
        null,
        null,
        null,
        null,
        1,
        10,
        56,
        56,
        56,
        null,
        56,
        56,
        56,
        56,
        null,
        5,
        null,
        null,
        5,
        null,
        null,
        1,
        62,
        null,
        null,
        1,
        6,
        2,
        null,
        null,
        null,
        1,
        3,
        2,
        null,
        null,
        null,
        1,
        3,
        2,
        null,
        null,
        1,
        1,
        1,
        null,
        0,
        null,
        null,
        null,
        1,
        2,
        2,
        18,
        5,
        null,
        null,
        2,
        null,
        null,
        1,
        0,
        0,
        0,
        0,
        0,
        null
      ]
    },
    "timestamp": 1600714149
  }
}
